2022-02-19 17:36:24,534 - SOL_Logger - INFO - Looping Round and creating new socket
2022-02-19 17:36:24,537 - SOL_Logger - INFO - Listening on Port 60000
2022-02-19 17:37:02,212 - SOL_Logger - INFO - Looping Round and creating new socket
2022-02-19 17:45:02,000 - SOL_Logger - INFO - Looping Round and creating new socket
2022-02-19 17:45:02,001 - SOL_Logger - INFO - Listening on Port 60000
2022-02-19 17:45:16,152 - SOL_Logger - INFO - Accepted Connection
2022-02-19 17:45:29,980 - SOL_Logger - INFO - Looping Round and creating new socket
2022-02-19 17:45:34,101 - SOL_Logger - INFO - Listening on Port 60000
2022-02-19 17:45:40,182 - SOL_Logger - INFO - Accepted Connection
2022-02-19 17:45:59,594 - SOL_Logger - INFO - Looping Round and creating new socket
2022-02-19 17:45:59,596 - SOL_Logger - INFO - Listening on Port 60000
2022-02-19 17:46:00,268 - SOL_Logger - INFO - Accepted Connection
2022-02-19 17:49:46,344 - SOL_Logger - INFO - Looping Round and creating new socket
2022-02-19 17:49:46,345 - SOL_Logger - INFO - Listening on Port 60000
2022-02-19 17:50:59,640 - SOL_Logger - INFO - Accepted Connection
2022-02-19 17:51:15,760 - SOL_Logger - INFO - Looping Round and creating new socket
2022-02-19 17:51:15,761 - SOL_Logger - INFO - Listening on Port 60000
2022-02-19 17:51:23,850 - SOL_Logger - INFO - Accepted Connection
2022-02-19 17:51:53,267 - SOL_Logger - DEBUG - state:off

2022-02-19 17:51:53,267 - SOL_Logger - INFO - Putting System to sleep
2022-02-19 18:05:12,080 - SOL_Logger - INFO - Closing socket
2022-02-19 18:05:12,617 - SOL_Logger - INFO - Looping Round and creating new socket
2022-02-19 18:05:12,617 - SOL_Logger - INFO - Listening on Port 60000
2022-02-19 18:05:24,454 - SOL_Logger - INFO - Accepted Connection
2022-02-19 18:24:21,500 - SOL_Logger - DEBUG - state:off

2022-02-19 18:24:21,501 - SOL_Logger - INFO - Putting System to sleep
2022-02-20 13:02:18,486 - SOL_Logger - INFO - Looping Round and creating new socket
2022-02-20 13:02:18,502 - SOL_Logger - INFO - Listening on Port 60000
2022-02-20 13:02:24,848 - SOL_Logger - INFO - Accepted Connection
2022-02-20 15:02:33,477 - SOL_Logger - DEBUG - state:off

2022-02-20 15:02:33,478 - SOL_Logger - INFO - Putting System to sleep
2022-02-20 15:15:53,262 - SOL_Logger - INFO - Closing socket
2022-02-20 15:15:53,594 - SOL_Logger - INFO - Looping Round and creating new socket
2022-02-20 15:15:53,686 - SOL_Logger - INFO - Listening on Port 60000
2022-02-20 15:16:24,497 - SOL_Logger - INFO - Accepted Connection
2022-02-21 22:02:29,802 - SOL_Logger - INFO - Looping Round and creating new socket
2022-02-21 22:02:29,934 - SOL_Logger - INFO - Listening on Port 60000
2022-02-21 22:02:33,801 - SOL_Logger - INFO - Accepted Connection
2022-02-22 18:01:21,548 - SOL_Logger - INFO - Looping Round and creating new socket
2022-02-22 18:01:21,595 - SOL_Logger - INFO - Listening on Port 60000
2022-02-22 18:01:25,157 - SOL_Logger - INFO - Accepted Connection
2022-02-26 14:33:59,766 - SOL_Logger - INFO - Looping Round and creating new socket
2022-02-26 14:33:59,782 - SOL_Logger - INFO - Listening on Port 60000
2022-02-26 14:48:51,047 - SOL_Logger - INFO - Accepted Connection
2022-02-26 19:45:03,528 - SOL_Logger - INFO - Looping Round and creating new socket
2022-02-26 19:45:03,543 - SOL_Logger - INFO - Listening on Port 60000
2022-02-26 19:45:08,331 - SOL_Logger - INFO - Accepted Connection
2022-02-27 12:44:53,203 - SOL_Logger - INFO - Looping Round and creating new socket
2022-02-27 12:44:53,241 - SOL_Logger - INFO - Listening on Port 60000
2022-02-27 12:44:53,905 - SOL_Logger - INFO - Accepted Connection
2022-02-27 12:49:37,370 - SOL_Logger - INFO - Looping Round and creating new socket
2022-02-27 12:49:37,455 - SOL_Logger - INFO - Listening on Port 60000
2022-02-27 12:49:51,881 - SOL_Logger - INFO - Accepted Connection
2022-02-27 12:54:02,166 - SOL_Logger - DEBUG - 
2022-02-27 12:54:02,167 - SOL_Logger - INFO - Closing socket
2022-02-27 12:54:02,167 - SOL_Logger - INFO - Looping Round and creating new socket
2022-02-27 12:54:02,168 - SOL_Logger - INFO - Listening on Port 60000
2022-02-27 12:54:02,356 - SOL_Logger - INFO - Accepted Connection
2022-02-27 12:54:12,908 - SOL_Logger - DEBUG - state:off

2022-02-27 12:54:12,908 - SOL_Logger - INFO - Putting System to sleep
2022-02-27 13:07:05,145 - SOL_Logger - INFO - Closing socket
2022-02-27 13:07:05,153 - SOL_Logger - INFO - Looping Round and creating new socket
2022-02-27 13:07:05,153 - SOL_Logger - INFO - Listening on Port 60000
2022-02-27 13:07:08,775 - SOL_Logger - INFO - Accepted Connection
2022-02-27 13:20:57,608 - SOL_Logger - DEBUG - state:off

2022-02-27 13:20:57,609 - SOL_Logger - INFO - Putting System to sleep
2022-02-27 16:14:12,298 - SOL_Logger - INFO - Closing socket
2022-02-27 16:14:12,301 - SOL_Logger - INFO - Looping Round and creating new socket
2022-02-27 16:14:12,304 - SOL_Logger - INFO - Listening on Port 60000
2022-02-27 16:14:21,803 - SOL_Logger - INFO - Accepted Connection
2022-02-27 17:52:23,558 - SOL_Logger - INFO - Looping Round and creating new socket
2022-02-27 17:52:23,695 - SOL_Logger - INFO - Listening on Port 60000
2022-02-27 17:53:14,826 - SOL_Logger - INFO - Accepted Connection
2022-02-27 20:40:49,428 - SOL_Logger - DEBUG - state:off

2022-02-27 20:40:49,441 - SOL_Logger - INFO - Putting System to sleep
2022-02-27 20:58:02,912 - SOL_Logger - INFO - Closing socket
2022-02-27 20:58:02,999 - SOL_Logger - INFO - Looping Round and creating new socket
2022-02-27 20:58:03,002 - SOL_Logger - INFO - Listening on Port 60000
2022-02-27 20:58:20,567 - SOL_Logger - INFO - Accepted Connection
2022-02-27 23:48:50,070 - SOL_Logger - DEBUG - state:off

2022-02-27 23:48:50,100 - SOL_Logger - INFO - Putting System to sleep
2022-02-28 09:01:00,121 - SOL_Logger - INFO - Closing socket
2022-02-28 09:01:00,149 - SOL_Logger - INFO - Looping Round and creating new socket
2022-02-28 09:01:00,307 - SOL_Logger - INFO - Listening on Port 60000
2022-02-28 09:01:25,741 - SOL_Logger - INFO - Accepted Connection
2022-02-28 09:04:22,762 - SOL_Logger - DEBUG - state:off

2022-02-28 09:04:22,762 - SOL_Logger - INFO - Putting System to sleep
2022-03-03 18:39:33,760 - SOL_Logger - INFO - Looping Round and creating new socket
2022-03-03 18:39:33,791 - SOL_Logger - INFO - Listening on Port 60000
2022-03-03 18:39:39,002 - SOL_Logger - INFO - Accepted Connection
2022-03-03 21:43:06,031 - SOL_Logger - DEBUG - state:off

2022-03-03 21:43:06,031 - SOL_Logger - INFO - Putting System to sleep
2022-03-06 18:22:38,759 - SOL_Logger - INFO - Looping Round and creating new socket
2022-03-06 18:22:38,771 - SOL_Logger - INFO - Listening on Port 60000
2022-03-06 18:22:57,685 - SOL_Logger - INFO - Accepted Connection
2022-03-06 21:46:09,832 - SOL_Logger - DEBUG - state:off

2022-03-06 21:46:09,862 - SOL_Logger - INFO - Putting System to sleep
2022-03-07 19:25:30,499 - SOL_Logger - INFO - Closing socket
2022-03-07 19:25:30,500 - SOL_Logger - INFO - Looping Round and creating new socket
2022-03-11 23:49:55,977 - SOL_Logger - INFO - Looping Round and creating new socket
2022-03-11 23:49:56,015 - SOL_Logger - INFO - Listening on Port 60000
2022-03-11 23:50:11,141 - SOL_Logger - INFO - Accepted Connection
2022-03-12 17:49:06,975 - SOL_Logger - INFO - Looping Round and creating new socket
2022-03-12 17:49:07,028 - SOL_Logger - INFO - Listening on Port 60000
2022-03-12 18:39:22,816 - SOL_Logger - INFO - Accepted Connection
2022-03-12 18:47:43,923 - SOL_Logger - DEBUG - 
2022-03-12 18:47:43,924 - SOL_Logger - INFO - Closing socket
2022-03-12 18:47:43,924 - SOL_Logger - INFO - Looping Round and creating new socket
2022-03-12 18:47:43,925 - SOL_Logger - INFO - Listening on Port 60000
2022-03-12 18:49:34,458 - SOL_Logger - INFO - Accepted Connection
2022-03-12 19:06:19,903 - SOL_Logger - DEBUG - 
2022-03-12 19:06:19,903 - SOL_Logger - INFO - Closing socket
2022-03-12 19:06:19,903 - SOL_Logger - INFO - Looping Round and creating new socket
2022-03-12 19:06:19,904 - SOL_Logger - INFO - Listening on Port 60000
2022-03-12 19:07:54,179 - SOL_Logger - INFO - Accepted Connection
2022-03-12 20:27:15,670 - SOL_Logger - DEBUG - state:off

2022-03-12 20:27:15,671 - SOL_Logger - INFO - Putting System to sleep
2022-03-12 21:46:10,037 - SOL_Logger - INFO - Closing socket
2022-03-12 21:46:10,038 - SOL_Logger - INFO - Looping Round and creating new socket
2022-03-12 21:46:10,120 - SOL_Logger - INFO - Listening on Port 60000
2022-03-12 21:46:54,854 - SOL_Logger - INFO - Accepted Connection
